Rufus x86 v3.17.1846 (Portable)
Windows version: Windows 10 (Unknown Edition 0x64), 64-bit (Build 19043.1348)
Syslinux versions: 4.07/2013-07-25, 6.04/pre1
Grub versions: 0.4.6a, 2.06
System locale ID: 0x0416 (pt-BR)
Will use default UI locale 0x0416
SetLGP: Successfully set NoDriveTypeAutorun policy to 0x0000009E
Localization set to 'pt-BR'
NOTE: The Portuguese Brazilian (Português do Brasil) translation requires an update, but the current translator hasn't submitted one. Because of this, some messages will only be displayed in English.
If you think you can help update this translation, please e-mail the author of this application
0 devices found
Checking for Rufus updates...
Checking release channel...
No new release version found.
Found USB 2.0 device 'SanDisk Cruzer Blade USB Device' (0781:5567)
1 device found
Disk type: Removable, Disk size: 8 GB, Sector size: 512 bytes
Cylinders: 973, Tracks per cylinder: 255, Sectors per track: 63
Partition type: MBR, NB Partitions: 1
Disk ID: 0x0DC4A7FE
Drive has a Zeroed Master Boot Record
Partition 1:
  Type: FAT32 LBA (0x0c)
  Size: 7.5 GB (8004288512 bytes)
  Start Sector: 32, Boot: No
Found USB 2.0 device 'SanDisk Cruzer Blade USB Device' (0781:5567)
1 device found
Disk type: Removable, Disk size: 8 GB, Sector size: 512 bytes
Cylinders: 973, Tracks per cylinder: 255, Sectors per track: 63
Partition type: MBR, NB Partitions: 1
Disk ID: 0x0DC4A7FE
Drive has a Zeroed Master Boot Record
Partition 1:
  Type: FAT32 LBA (0x0c)
  Size: 7.5 GB (8004288512 bytes)
  Start Sector: 32, Boot: No
Found USB 2.0 device 'SanDisk Cruzer Blade USB Device' (0781:5567)
1 device found
Disk type: Removable, Disk size: 8 GB, Sector size: 512 bytes
Cylinders: 973, Tracks per cylinder: 255, Sectors per track: 63
Partition type: MBR, NB Partitions: 1
Disk ID: 0x0DC4A7FE
Drive has a Zeroed Master Boot Record
Partition 1:
  Type: FAT32 LBA (0x0c)
  Size: 7.5 GB (8004288512 bytes)
  Start Sector: 32, Boot: No
Scanning image...
ISO analysis:
  Image is an ISO9660 image
  Detected Grub version: 2.04
Disk image analysis:
  Image has an unknown Master Boot Record
  Image is a bootable disk image
ISO label: 'Ubuntu 21.04 amd64'
  Size: 2.6 GB (Projected)
  Has a >64 chars filename
  Uses: GRUB2
  Uses: EFI
  Note: This ISO uses symbolic links, which will not be replicated due to file system
  limitations. Because of this, some features from this image may not work...
Using image: ubuntu-21.04-desktop-amd64.iso (2.6 GB)
Downloading https://rufus.ie/files/grub-2.04/core.img
File length: 31.2 KB
Successfully downloaded 'core.img'
Download signature is valid ✓

Format operation started
Requesting disk access...
Will use 'D:' as volume mountpoint
Opened \\.\PhysicalDrive1 for exclusive write access
Analyzing existing boot records...
Drive has a Zeroed Master Boot Record
Clearing MBR/PBR/GPT structures...
Erasing 128 sectors
Initializing disk...
Partitioning (MBR)...
● Creating Main Data Partition (offset: 1048576, size: 7.5 GB)
Waiting for logical drive to reappear...
Formatting to FAT32 (using IFS)
Using cluster size: 4096 bytes
Quick format was selected
Creating file system...
Format completed.
Writing Master Boot Record...
Partition is already FAT32 LBA...
Set bootable USB partition as 0x80
Using Grub 2.0 MBR
Writing Grub 2.0 SBR (from download) ✓
Found volume \\?\Volume{69f32418-61a4-11eb-afe5-6432a81fe09f}\
Opened \\?\Volume{69f32418-61a4-11eb-afe5-6432a81fe09f} for exclusive write access
Writing Partition Boot Record...
Using Standard FAT32 partition boot record
Confirmed new volume has a primary FAT32 boot sector
Setting primary FAT32 boot sector for boot...
Confirmed new volume has a secondary FAT32 boot sector
Setting secondary FAT32 boot sector for boot...
Successfully remounted \\?\Volume{69f32418-61a4-11eb-afe5-6432a81fe09f}\ as D:
Extracting files...
Image is an ISO9660 image
This image will be extracted using Rock Ridge extensions (if present)
Extracting: D:\.disk\base_installable (0 bytes)
Extracting: D:\.disk\casper-uuid-generic (37 bytes)
Extracting: D:\.disk\cd_type (15 bytes)
Extracting: D:\.disk\info (55 bytes)
Extracting: D:\.disk\release_notes_url (78 bytes)
Extracting: D:\boot\grub\fonts\unicode.pf2 (2.3 MB)
Extracting: D:\boot\grub\grub.cfg (861 bytes)
Extracting: D:\boot\grub\i386-pc\915resolution.mod (7.8 KB)
Extracting: D:\boot\grub\i386-pc\acpi.mod (10.4 KB)
Extracting: D:\boot\grub\i386-pc\adler32.mod (1.3 KB)
Extracting: D:\boot\grub\i386-pc\affs.mod (5.7 KB)
Extracting: D:\boot\grub\i386-pc\afs.mod (6.1 KB)
Extracting: D:\boot\grub\i386-pc\ahci.mod (15.2 KB)
Extracting: D:\boot\grub\i386-pc\all_video.mod (580 bytes)
Extracting: D:\boot\grub\i386-pc\aout.mod (1 KB)
Extracting: D:\boot\grub\i386-pc\archelp.mod (2.9 KB)
Extracting: D:\boot\grub\i386-pc\ata.mod (5.5 KB)
Extracting: D:\boot\grub\i386-pc\at_keyboard.mod (4.2 KB)
Extracting: D:\boot\grub\i386-pc\backtrace.mod (1.7 KB)
Extracting: D:\boot\grub\i386-pc\bfs.mod (6.7 KB)
Extracting: D:\boot\grub\i386-pc\biosdisk.mod (4.7 KB)
Extracting: D:\boot\grub\i386-pc\bitmap.mod (2.3 KB)
Extracting: D:\boot\grub\i386-pc\bitmap_scale.mod (3.7 KB)
Extracting: D:\boot\grub\i386-pc\blocklist.mod (2 KB)
Extracting: D:\boot\grub\i386-pc\boot.mod (2.4 KB)
Extracting: D:\boot\grub\i386-pc\bsd.mod (30 KB)
Extracting: D:\boot\grub\i386-pc\bswap_test.mod (2.3 KB)
Extracting: D:\boot\grub\i386-pc\btrfs.mod (18.3 KB)
Extracting: D:\boot\grub\i386-pc\bufio.mod (2.1 KB)
Extracting: D:\boot\grub\i386-pc\cat.mod (2.9 KB)
Extracting: D:\boot\grub\i386-pc\cbfs.mod (4 KB)
Extracting: D:\boot\grub\i386-pc\cbls.mod (3.5 KB)
Extracting: D:\boot\grub\i386-pc\cbmemc.mod (2.5 KB)
Extracting: D:\boot\grub\i386-pc\cbtable.mod (1.1 KB)
Extracting: D:\boot\grub\i386-pc\cbtime.mod (2.8 KB)
Extracting: D:\boot\grub\i386-pc\chain.mod (3.4 KB)
Extracting: D:\boot\grub\i386-pc\cmdline_cat_test.mod (3.0 KB)
Extracting: D:\boot\grub\i386-pc\cmosdump.mod (1.2 KB)
Extracting: D:\boot\grub\i386-pc\cmostest.mod (1.9 KB)
Extracting: D:\boot\grub\i386-pc\cmp.mod (2 KB)
Extracting: D:\boot\grub\i386-pc\cmp_test.mod (4.6 KB)
Extracting: D:\boot\grub\i386-pc\command.lst (3.8 KB)
Extracting: D:\boot\grub\i386-pc\configfile.mod (2.2 KB)
Extracting: D:\boot\grub\i386-pc\cpio.mod (2.7 KB)
Extracting: D:\boot\grub\i386-pc\cpio_be.mod (2.8 KB)
Extracting: D:\boot\grub\i386-pc\cpuid.mod (1.7 KB)
Extracting: D:\boot\grub\i386-pc\crc64.mod (1.6 KB)
Extracting: D:\boot\grub\i386-pc\crypto.lst (936 bytes)
Extracting: D:\boot\grub\i386-pc\crypto.mod (5.0 KB)
Extracting: D:\boot\grub\i386-pc\cryptodisk.mod (9.9 KB)
Extracting: D:\boot\grub\i386-pc\cs5536.mod (3.6 KB)
Extracting: D:\boot\grub\i386-pc\ctz_test.mod (1.8 KB)
Extracting: D:\boot\grub\i386-pc\date.mod (2.2 KB)
Extracting: D:\boot\grub\i386-pc\datehook.mod (1.8 KB)
Extracting: D:\boot\grub\i386-pc\datetime.mod (2.1 KB)
Extracting: D:\boot\grub\i386-pc\disk.mod (2.4 KB)
Extracting: D:\boot\grub\i386-pc\diskfilter.mod (10.4 KB)
Extracting: D:\boot\grub\i386-pc\div.mod (1 KB)
Extracting: D:\boot\grub\i386-pc\div_test.mod (5.5 KB)
Extracting: D:\boot\grub\i386-pc\dm_nv.mod (1.9 KB)
Extracting: D:\boot\grub\i386-pc\drivemap.mod (5.2 KB)
Extracting: D:\boot\grub\i386-pc\echo.mod (2.0 KB)
Extracting: D:\boot\grub\i386-pc\efiemu.mod (23.7 KB)
Extracting: D:\boot\grub\i386-pc\efiemu32.o (7.5 KB)
Extracting: D:\boot\grub\i386-pc\efiemu64.o (10 KB)
Extracting: D:\boot\grub\i386-pc\ehci.mod (16.0 KB)
Extracting: D:\boot\grub\i386-pc\elf.mod (4.1 KB)
Extracting: D:\boot\grub\i386-pc\eltorito.img (28.6 KB)
Extracting: D:\boot\grub\i386-pc\eval.mod (1.4 KB)
Extracting: D:\boot\grub\i386-pc\exfat.mod (5.3 KB)
Extracting: D:\boot\grub\i386-pc\exfctest.mod (1.4 KB)
Extracting: D:\boot\grub\i386-pc\ext2.mod (6.2 KB)
Extracting: D:\boot\grub\i386-pc\extcmd.mod (4.7 KB)
Extracting: D:\boot\grub\i386-pc\f2fs.mod (6.2 KB)
Extracting: D:\boot\grub\i386-pc\fat.mod (5.4 KB)
Extracting: D:\boot\grub\i386-pc\fdt.lst (0 bytes)
Extracting: D:\boot\grub\i386-pc\file.mod (16.8 KB)
Extracting: D:\boot\grub\i386-pc\font.mod (12.4 KB)
Extracting: D:\boot\grub\i386-pc\freedos.mod (2.6 KB)
Extracting: D:\boot\grub\i386-pc\fs.lst (219 bytes)
Extracting: D:\boot\grub\i386-pc\fshelp.mod (3.0 KB)
Extracting: D:\boot\grub\i386-pc\functional_test.mod (33.8 KB)
Extracting: D:\boot\grub\i386-pc\gcry_arcfour.mod (1.6 KB)
Extracting: D:\boot\grub\i386-pc\gcry_blowfish.mod (8.1 KB)
Extracting: D:\boot\grub\i386-pc\gcry_camellia.mod (32.8 KB)
Extracting: D:\boot\grub\i386-pc\gcry_cast5.mod (16 KB)
Extracting: D:\boot\grub\i386-pc\gcry_crc.mod (10.4 KB)
Extracting: D:\boot\grub\i386-pc\gcry_des.mod (18.8 KB)
Extracting: D:\boot\grub\i386-pc\gcry_dsa.mod (2.3 KB)
Extracting: D:\boot\grub\i386-pc\gcry_idea.mod (2.9 KB)
Extracting: D:\boot\grub\i386-pc\gcry_md4.mod (3.1 KB)
Extracting: D:\boot\grub\i386-pc\gcry_md5.mod (3.7 KB)
Extracting: D:\boot\grub\i386-pc\gcry_rfc2268.mod (2.4 KB)
Extracting: D:\boot\grub\i386-pc\gcry_rijndael.mod (19 KB)
Extracting: D:\boot\grub\i386-pc\gcry_rmd160.mod (8.1 KB)
Extracting: D:\boot\grub\i386-pc\gcry_rsa.mod (2.1 KB)
Extracting: D:\boot\grub\i386-pc\gcry_seed.mod (14.9 KB)
Extracting: D:\boot\grub\i386-pc\gcry_serpent.mod (16.8 KB)
Extracting: D:\boot\grub\i386-pc\gcry_sha1.mod (7.8 KB)
Extracting: D:\boot\grub\i386-pc\gcry_sha256.mod (4.2 KB)
Extracting: D:\boot\grub\i386-pc\gcry_sha512.mod (8.8 KB)
Extracting: D:\boot\grub\i386-pc\gcry_tiger.mod (12 KB)
Extracting: D:\boot\grub\i386-pc\gcry_twofish.mod (36.1 KB)
Extracting: D:\boot\grub\i386-pc\gcry_whirlpool.mod (24.3 KB)
Extracting: D:\boot\grub\i386-pc\gdb.mod (24.6 KB)
Extracting: D:\boot\grub\i386-pc\geli.mod (5.9 KB)
Extracting: D:\boot\grub\i386-pc\gettext.mod (4.9 KB)
Extracting: D:\boot\grub\i386-pc\gfxmenu.mod (38.8 KB)
Extracting: D:\boot\grub\i386-pc\gfxterm.mod (9.9 KB)
Extracting: D:\boot\grub\i386-pc\gfxterm_background.mod (2.8 KB)
Extracting: D:\boot\grub\i386-pc\gfxterm_menu.mod (4.9 KB)
Extracting: D:\boot\grub\i386-pc\gptsync.mod (3.8 KB)
Extracting: D:\boot\grub\i386-pc\gzio.mod (8.7 KB)
Extracting: D:\boot\grub\i386-pc\halt.mod (4.4 KB)
Extracting: D:\boot\grub\i386-pc\hashsum.mod (5.1 KB)
Extracting: D:\boot\grub\i386-pc\hdparm.mod (6.5 KB)
Extracting: D:\boot\grub\i386-pc\hello.mod (1.2 KB)
Extracting: D:\boot\grub\i386-pc\help.mod (2.5 KB)
Extracting: D:\boot\grub\i386-pc\hexdump.mod (3.2 KB)
Extracting: D:\boot\grub\i386-pc\hfs.mod (6.9 KB)
Extracting: D:\boot\grub\i386-pc\hfsplus.mod (7.9 KB)
Extracting: D:\boot\grub\i386-pc\hfspluscomp.mod (3 KB)
Extracting: D:\boot\grub\i386-pc\http.mod (5.7 KB)
Extracting: D:\boot\grub\i386-pc\hwmatch.mod (2.5 KB)
Extracting: D:\boot\grub\i386-pc\iorw.mod (2.8 KB)
Extracting: D:\boot\grub\i386-pc\iso9660.mod (8.5 KB)
Extracting: D:\boot\grub\i386-pc\jfs.mod (6.1 KB)
Extracting: D:\boot\grub\i386-pc\jpeg.mod (6.5 KB)
Extracting: D:\boot\grub\i386-pc\keylayouts.mod (5.0 KB)
Extracting: D:\boot\grub\i386-pc\keystatus.mod (2.0 KB)
Extracting: D:\boot\grub\i386-pc\ldm.mod (6.5 KB)
Extracting: D:\boot\grub\i386-pc\legacycfg.mod (29.4 KB)
Extracting: D:\boot\grub\i386-pc\legacy_password_test.mod (14.2 KB)
Extracting: D:\boot\grub\i386-pc\linux.mod (13.2 KB)
Extracting: D:\boot\grub\i386-pc\linux16.mod (5.8 KB)
Extracting: D:\boot\grub\i386-pc\loadenv.mod (5.7 KB)
Extracting: D:\boot\grub\i386-pc\loopback.mod (3.0 KB)
Extracting: D:\boot\grub\i386-pc\ls.mod (3.9 KB)
Extracting: D:\boot\grub\i386-pc\lsacpi.mod (4.7 KB)
Extracting: D:\boot\grub\i386-pc\lsapm.mod (2.3 KB)
Extracting: D:\boot\grub\i386-pc\lsmmap.mod (1.9 KB)
Extracting: D:\boot\grub\i386-pc\lspci.mod (4.8 KB)
Extracting: D:\boot\grub\i386-pc\luks.mod (6.8 KB)
Extracting: D:\boot\grub\i386-pc\lvm.mod (7 KB)
Extracting: D:\boot\grub\i386-pc\lzopio.mod (4.8 KB)
Extracting: D:\boot\grub\i386-pc\macbless.mod (3.2 KB)
Extracting: D:\boot\grub\i386-pc\macho.mod (7.4 KB)
Extracting: D:\boot\grub\i386-pc\mda_text.mod (2.1 KB)
Extracting: D:\boot\grub\i386-pc\mdraid09.mod (1.9 KB)
Extracting: D:\boot\grub\i386-pc\mdraid09_be.mod (2 KB)
Extracting: D:\boot\grub\i386-pc\mdraid1x.mod (1.9 KB)
Extracting: D:\boot\grub\i386-pc\memdisk.mod (2.1 KB)
Extracting: D:\boot\grub\i386-pc\memrw.mod (2.8 KB)
Extracting: D:\boot\grub\i386-pc\minicmd.mod (3.6 KB)
Extracting: D:\boot\grub\i386-pc\minix.mod (3.6 KB)
Extracting: D:\boot\grub\i386-pc\minix2.mod (3.7 KB)
Extracting: D:\boot\grub\i386-pc\minix2_be.mod (3.8 KB)
Extracting: D:\boot\grub\i386-pc\minix3.mod (3.7 KB)
Extracting: D:\boot\grub\i386-pc\minix3_be.mod (3.8 KB)
Extracting: D:\boot\grub\i386-pc\minix_be.mod (3.7 KB)
Extracting: D:\boot\grub\i386-pc\mmap.mod (8.4 KB)
Extracting: D:\boot\grub\i386-pc\moddep.lst (5.5 KB)
Extracting: D:\boot\grub\i386-pc\morse.mod (2.4 KB)
Extracting: D:\boot\grub\i386-pc\mpi.mod (27.3 KB)
Extracting: D:\boot\grub\i386-pc\msdospart.mod (2.5 KB)
Extracting: D:\boot\grub\i386-pc\multiboot.mod (13.9 KB)
Extracting: D:\boot\grub\i386-pc\multiboot2.mod (15.1 KB)
Extracting: D:\boot\grub\i386-pc\mul_test.mod (2.0 KB)
Extracting: D:\boot\grub\i386-pc\nativedisk.mod (4.2 KB)
Extracting: D:\boot\grub\i386-pc\net.mod (56.1 KB)
Extracting: D:\boot\grub\i386-pc\newc.mod (2.9 KB)
Extracting: D:\boot\grub\i386-pc\nilfs2.mod (6.8 KB)
Extracting: D:\boot\grub\i386-pc\normal.mod (112.6 KB)
Extracting: D:\boot\grub\i386-pc\ntfs.mod (9.9 KB)
Extracting: D:\boot\grub\i386-pc\ntfscomp.mod (4.3 KB)
Extracting: D:\boot\grub\i386-pc\ntldr.mod (2.5 KB)
Extracting: D:\boot\grub\i386-pc\odc.mod (2.8 KB)
Extracting: D:\boot\grub\i386-pc\offsetio.mod (1.5 KB)
Extracting: D:\boot\grub\i386-pc\ohci.mod (10.3 KB)
Extracting: D:\boot\grub\i386-pc\partmap.lst (111 bytes)
Extracting: D:\boot\grub\i386-pc\parttool.lst (17 bytes)
Extracting: D:\boot\grub\i386-pc\parttool.mod (4.7 KB)
Extracting: D:\boot\grub\i386-pc\part_acorn.mod (1.7 KB)
Extracting: D:\boot\grub\i386-pc\part_amiga.mod (1.9 KB)
Extracting: D:\boot\grub\i386-pc\part_apple.mod (2.1 KB)
Extracting: D:\boot\grub\i386-pc\part_bsd.mod (2.7 KB)
Extracting: D:\boot\grub\i386-pc\part_dfly.mod (1.8 KB)
Extracting: D:\boot\grub\i386-pc\part_dvh.mod (1.5 KB)
Extracting: D:\boot\grub\i386-pc\part_gpt.mod (2.4 KB)
Extracting: D:\boot\grub\i386-pc\part_msdos.mod (2.3 KB)
Extracting: D:\boot\grub\i386-pc\part_plan.mod (1.8 KB)
Extracting: D:\boot\grub\i386-pc\part_sun.mod (1.5 KB)
Extracting: D:\boot\grub\i386-pc\part_sunpc.mod (1.6 KB)
Extracting: D:\boot\grub\i386-pc\password.mod (1.9 KB)
Extracting: D:\boot\grub\i386-pc\password_pbkdf2.mod (2.8 KB)
Extracting: D:\boot\grub\i386-pc\pata.mod (4.7 KB)
Extracting: D:\boot\grub\i386-pc\pbkdf2.mod (1.4 KB)
Extracting: D:\boot\grub\i386-pc\pbkdf2_test.mod (2.1 KB)
Extracting: D:\boot\grub\i386-pc\pci.mod (1.4 KB)
Extracting: D:\boot\grub\i386-pc\pcidump.mod (2.4 KB)
Extracting: D:\boot\grub\i386-pc\pgp.mod (11.2 KB)
Extracting: D:\boot\grub\i386-pc\plan9.mod (6.3 KB)
Extracting: D:\boot\grub\i386-pc\play.mod (2.5 KB)
Extracting: D:\boot\grub\i386-pc\png.mod (7.5 KB)
Extracting: D:\boot\grub\i386-pc\priority_queue.mod (1.6 KB)
Extracting: D:\boot\grub\i386-pc\probe.mod (2.6 KB)
Extracting: D:\boot\grub\i386-pc\procfs.mod (2.4 KB)
Extracting: D:\boot\grub\i386-pc\progress.mod (2.2 KB)
Extracting: D:\boot\grub\i386-pc\pxe.mod (3.8 KB)
Extracting: D:\boot\grub\i386-pc\pxechain.mod (2.7 KB)
Extracting: D:\boot\grub\i386-pc\raid5rec.mod (1.4 KB)
Extracting: D:\boot\grub\i386-pc\raid6rec.mod (2.3 KB)
Extracting: D:\boot\grub\i386-pc\random.mod (3.8 KB)
Extracting: D:\boot\grub\i386-pc\rdmsr.mod (1.9 KB)
Extracting: D:\boot\grub\i386-pc\read.mod (1.5 KB)
Extracting: D:\boot\grub\i386-pc\reboot.mod (1.6 KB)
Extracting: D:\boot\grub\i386-pc\regexp.mod (49.5 KB)
Extracting: D:\boot\grub\i386-pc\reiserfs.mod (8.7 KB)
Extracting: D:\boot\grub\i386-pc\relocator.mod (14.6 KB)
Extracting: D:\boot\grub\i386-pc\romfs.mod (4.2 KB)
Extracting: D:\boot\grub\i386-pc\scsi.mod (4.7 KB)
Extracting: D:\boot\grub\i386-pc\search.mod (3.6 KB)
Extracting: D:\boot\grub\i386-pc\search_fs_file.mod (3.1 KB)
Extracting: D:\boot\grub\i386-pc\search_fs_uuid.mod (3.2 KB)
Extracting: D:\boot\grub\i386-pc\search_label.mod (3.1 KB)
Extracting: D:\boot\grub\i386-pc\sendkey.mod (7 KB)
Extracting: D:\boot\grub\i386-pc\serial.mod (7.7 KB)
Extracting: D:\boot\grub\i386-pc\setjmp.mod (628 bytes)
Extracting: D:\boot\grub\i386-pc\setjmp_test.mod (1.7 KB)
Extracting: D:\boot\grub\i386-pc\setpci.mod (5.2 KB)
Extracting: D:\boot\grub\i386-pc\sfs.mod (5.2 KB)
Extracting: D:\boot\grub\i386-pc\shift_test.mod (2.4 KB)
Extracting: D:\boot\grub\i386-pc\signature_test.mod (6.3 KB)
Extracting: D:\boot\grub\i386-pc\sleep.mod (2.3 KB)
Extracting: D:\boot\grub\i386-pc\sleep_test.mod (2.2 KB)
Extracting: D:\boot\grub\i386-pc\smbios.mod (5.6 KB)
Extracting: D:\boot\grub\i386-pc\spkmodem.mod (2.1 KB)
Extracting: D:\boot\grub\i386-pc\squash4.mod (7.1 KB)
Extracting: D:\boot\grub\i386-pc\strtoull_test.mod (2.2 KB)
Extracting: D:\boot\grub\i386-pc\syslinuxcfg.mod (17.1 KB)
Extracting: D:\boot\grub\i386-pc\tar.mod (3.3 KB)
Extracting: D:\boot\grub\i386-pc\terminal.lst (202 bytes)
Extracting: D:\boot\grub\i386-pc\terminal.mod (4.4 KB)
Extracting: D:\boot\grub\i386-pc\terminfo.mod (11.8 KB)
Extracting: D:\boot\grub\i386-pc\test.mod (5.0 KB)
Extracting: D:\boot\grub\i386-pc\testload.mod (2.7 KB)
Extracting: D:\boot\grub\i386-pc\testspeed.mod (2.3 KB)
Extracting: D:\boot\grub\i386-pc\test_blockarg.mod (1.3 KB)
Extracting: D:\boot\grub\i386-pc\tftp.mod (4.8 KB)
Extracting: D:\boot\grub\i386-pc\tga.mod (4.4 KB)
Extracting: D:\boot\grub\i386-pc\time.mod (1.5 KB)
Extracting: D:\boot\grub\i386-pc\tr.mod (2.4 KB)
Extracting: D:\boot\grub\i386-pc\trig.mod (1.7 KB)
Extracting: D:\boot\grub\i386-pc\true.mod (1.2 KB)
Extracting: D:\boot\grub\i386-pc\truecrypt.mod (3.6 KB)
Extracting: D:\boot\grub\i386-pc\udf.mod (8.4 KB)
Extracting: D:\boot\grub\i386-pc\ufs1.mod (5.3 KB)
Extracting: D:\boot\grub\i386-pc\ufs1_be.mod (5.8 KB)
Extracting: D:\boot\grub\i386-pc\ufs2.mod (5.4 KB)
Extracting: D:\boot\grub\i386-pc\uhci.mod (6.5 KB)
Extracting: D:\boot\grub\i386-pc\usb.mod (10.5 KB)
Extracting: D:\boot\grub\i386-pc\usbms.mod (6.9 KB)
Extracting: D:\boot\grub\i386-pc\usbserial_common.mod (2.0 KB)
Extracting: D:\boot\grub\i386-pc\usbserial_ftdi.mod (2.3 KB)
Extracting: D:\boot\grub\i386-pc\usbserial_pl2303.mod (2.7 KB)
Extracting: D:\boot\grub\i386-pc\usbserial_usbdebug.mod (1.5 KB)
Extracting: D:\boot\grub\i386-pc\usbtest.mod (3.5 KB)
Extracting: D:\boot\grub\i386-pc\usb_keyboard.mod (3.9 KB)
Extracting: D:\boot\grub\i386-pc\vbe.mod (9.7 KB)
Extracting: D:\boot\grub\i386-pc\verifiers.mod (2.4 KB)
Extracting: D:\boot\grub\i386-pc\vga.mod (5.0 KB)
Extracting: D:\boot\grub\i386-pc\vga_text.mod (2.2 KB)
Extracting: D:\boot\grub\i386-pc\video.lst (33 bytes)
Extracting: D:\boot\grub\i386-pc\video.mod (6.1 KB)
Extracting: D:\boot\grub\i386-pc\videoinfo.mod (3.9 KB)
Extracting: D:\boot\grub\i386-pc\videotest.mod (4.2 KB)
Extracting: D:\boot\grub\i386-pc\videotest_checksum.mod (2.3 KB)
Extracting: D:\boot\grub\i386-pc\video_bochs.mod (5.6 KB)
Extracting: D:\boot\grub\i386-pc\video_cirrus.mod (6.0 KB)
Extracting: D:\boot\grub\i386-pc\video_colors.mod (5.5 KB)
Extracting: D:\boot\grub\i386-pc\video_fb.mod (20.8 KB)
Extracting: D:\boot\grub\i386-pc\wrmsr.mod (1.5 KB)
Extracting: D:\boot\grub\i386-pc\xfs.mod (7.3 KB)
Extracting: D:\boot\grub\i386-pc\xnu.mod (27.2 KB)
Extracting: D:\boot\grub\i386-pc\xnu_uuid.mod (2.1 KB)
Extracting: D:\boot\grub\i386-pc\xnu_uuid_test.mod (2.0 KB)
Extracting: D:\boot\grub\i386-pc\xzio.mod (15.3 KB)
Extracting: D:\boot\grub\i386-pc\zfs.mod (39.5 KB)
Extracting: D:\boot\grub\i386-pc\zfscrypt.mod (5.5 KB)
Extracting: D:\boot\grub\i386-pc\zfsinfo.mod (6.5 KB)
Extracting: D:\boot\grub\i386-pc\zstd.mod (45.1 KB)
Extracting: D:\boot\grub\loopback.cfg (629 bytes)
Extracting: D:\boot\grub\x86_64-efi\acpi.mod (15.1 KB)
Extracting: D:\boot\grub\x86_64-efi\adler32.mod (1.9 KB)
Extracting: D:\boot\grub\x86_64-efi\affs.mod (7.9 KB)
Extracting: D:\boot\grub\x86_64-efi\afs.mod (8.0 KB)
Extracting: D:\boot\grub\x86_64-efi\ahci.mod (22.4 KB)
Extracting: D:\boot\grub\x86_64-efi\all_video.mod (824 bytes)
Extracting: D:\boot\grub\x86_64-efi\aout.mod (1.4 KB)
Extracting: D:\boot\grub\x86_64-efi\appleldr.mod (5.3 KB)
Extracting: D:\boot\grub\x86_64-efi\archelp.mod (4.4 KB)
Extracting: D:\boot\grub\x86_64-efi\ata.mod (8.8 KB)
Extracting: D:\boot\grub\x86_64-efi\at_keyboard.mod (6.8 KB)
Extracting: D:\boot\grub\x86_64-efi\backtrace.mod (2.5 KB)
Extracting: D:\boot\grub\x86_64-efi\bfs.mod (9.1 KB)
Extracting: D:\boot\grub\x86_64-efi\bitmap.mod (3.2 KB)
Extracting: D:\boot\grub\x86_64-efi\bitmap_scale.mod (5.2 KB)
Extracting: D:\boot\grub\x86_64-efi\blocklist.mod (3.0 KB)
Extracting: D:\boot\grub\x86_64-efi\boot.mod (3.2 KB)
Extracting: D:\boot\grub\x86_64-efi\bsd.mod (47.2 KB)
Extracting: D:\boot\grub\x86_64-efi\bswap_test.mod (3.3 KB)
Extracting: D:\boot\grub\x86_64-efi\btrfs.mod (24.6 KB)
Extracting: D:\boot\grub\x86_64-efi\bufio.mod (2.9 KB)
Extracting: D:\boot\grub\x86_64-efi\cat.mod (4.3 KB)
Extracting: D:\boot\grub\x86_64-efi\cbfs.mod (5.7 KB)
Extracting: D:\boot\grub\x86_64-efi\cbls.mod (6.1 KB)
Extracting: D:\boot\grub\x86_64-efi\cbmemc.mod (3.9 KB)
Extracting: D:\boot\grub\x86_64-efi\cbtable.mod (1.6 KB)
Extracting: D:\boot\grub\x86_64-efi\cbtime.mod (4.4 KB)
Extracting: D:\boot\grub\x86_64-efi\chain.mod (19.7 KB)
Extracting: D:\boot\grub\x86_64-efi\cmdline_cat_test.mod (4.6 KB)
Extracting: D:\boot\grub\x86_64-efi\cmp.mod (2.9 KB)
Extracting: D:\boot\grub\x86_64-efi\cmp_test.mod (6.4 KB)
Extracting: D:\boot\grub\x86_64-efi\command.lst (3.6 KB)
Extracting: D:\boot\grub\x86_64-efi\configfile.mod (3.5 KB)
Extracting: D:\boot\grub\x86_64-efi\cpio.mod (4.3 KB)
Extracting: D:\boot\grub\x86_64-efi\cpio_be.mod (4.3 KB)
Extracting: D:\boot\grub\x86_64-efi\cpuid.mod (2.5 KB)
Extracting: D:\boot\grub\x86_64-efi\crc64.mod (2.1 KB)
Extracting: D:\boot\grub\x86_64-efi\crypto.lst (936 bytes)
Extracting: D:\boot\grub\x86_64-efi\crypto.mod (6.8 KB)
Extracting: D:\boot\grub\x86_64-efi\cryptodisk.mod (15.4 KB)
Extracting: D:\boot\grub\x86_64-efi\cs5536.mod (3.8 KB)
Extracting: D:\boot\grub\x86_64-efi\ctz_test.mod (2.6 KB)
Extracting: D:\boot\grub\x86_64-efi\date.mod (3.1 KB)
Extracting: D:\boot\grub\x86_64-efi\datehook.mod (3.0 KB)
Extracting: D:\boot\grub\x86_64-efi\datetime.mod (2.9 KB)
Extracting: D:\boot\grub\x86_64-efi\disk.mod (3.1 KB)
Extracting: D:\boot\grub\x86_64-efi\diskfilter.mod (14.5 KB)
Extracting: D:\boot\grub\x86_64-efi\div.mod (1.4 KB)
Extracting: D:\boot\grub\x86_64-efi\div_test.mod (8.0 KB)
Extracting: D:\boot\grub\x86_64-efi\dm_nv.mod (2.7 KB)
Extracting: D:\boot\grub\x86_64-efi\echo.mod (3.0 KB)
Extracting: D:\boot\grub\x86_64-efi\efifwsetup.mod (2.1 KB)
Extracting: D:\boot\grub\x86_64-efi\efinet.mod (9.9 KB)
Extracting: D:\boot\grub\x86_64-efi\efi_gop.mod (12.3 KB)
Extracting: D:\boot\grub\x86_64-efi\efi_uga.mod (7.0 KB)
Extracting: D:\boot\grub\x86_64-efi\ehci.mod (25.1 KB)
Extracting: D:\boot\grub\x86_64-efi\elf.mod (6.1 KB)
Extracting: D:\boot\grub\x86_64-efi\eval.mod (2.2 KB)
Extracting: D:\boot\grub\x86_64-efi\exfat.mod (7.9 KB)
Extracting: D:\boot\grub\x86_64-efi\exfctest.mod (2.2 KB)
Extracting: D:\boot\grub\x86_64-efi\ext2.mod (8.7 KB)
Extracting: D:\boot\grub\x86_64-efi\extcmd.mod (7.6 KB)
Extracting: D:\boot\grub\x86_64-efi\f2fs.mod (9.5 KB)
Extracting: D:\boot\grub\x86_64-efi\fat.mod (8 KB)
Extracting: D:\boot\grub\x86_64-efi\fdt.lst (0 bytes)
Extracting: D:\boot\grub\x86_64-efi\file.mod (25.4 KB)
Extracting: D:\boot\grub\x86_64-efi\fixvideo.mod (3 KB)
Extracting: D:\boot\grub\x86_64-efi\font.mod (16.9 KB)
Extracting: D:\boot\grub\x86_64-efi\fs.lst (219 bytes)
Extracting: D:\boot\grub\x86_64-efi\fshelp.mod (4.4 KB)
Extracting: D:\boot\grub\x86_64-efi\functional_test.mod (45.7 KB)
Extracting: D:\boot\grub\x86_64-efi\gcry_arcfour.mod (2.4 KB)
Extracting: D:\boot\grub\x86_64-efi\gcry_blowfish.mod (8.9 KB)
Extracting: D:\boot\grub\x86_64-efi\gcry_camellia.mod (27.8 KB)
Extracting: D:\boot\grub\x86_64-efi\gcry_cast5.mod (14.5 KB)
Extracting: D:\boot\grub\x86_64-efi\gcry_crc.mod (11.6 KB)
Extracting: D:\boot\grub\x86_64-efi\gcry_des.mod (16.1 KB)
Extracting: D:\boot\grub\x86_64-efi\gcry_dsa.mod (3.4 KB)
Extracting: D:\boot\grub\x86_64-efi\gcry_idea.mod (4.0 KB)
Extracting: D:\boot\grub\x86_64-efi\gcry_md4.mod (4.1 KB)
Extracting: D:\boot\grub\x86_64-efi\gcry_md5.mod (4.5 KB)
Extracting: D:\boot\grub\x86_64-efi\gcry_rfc2268.mod (3.2 KB)
Extracting: D:\boot\grub\x86_64-efi\gcry_rijndael.mod (20 KB)
Extracting: D:\boot\grub\x86_64-efi\gcry_rmd160.mod (7.8 KB)
Extracting: D:\boot\grub\x86_64-efi\gcry_rsa.mod (3.4 KB)
Extracting: D:\boot\grub\x86_64-efi\gcry_seed.mod (13.1 KB)
Extracting: D:\boot\grub\x86_64-efi\gcry_serpent.mod (16.4 KB)
Extracting: D:\boot\grub\x86_64-efi\gcry_sha1.mod (7.5 KB)
Extracting: D:\boot\grub\x86_64-efi\gcry_sha256.mod (5.1 KB)
Extracting: D:\boot\grub\x86_64-efi\gcry_sha512.mod (5.9 KB)
Extracting: D:\boot\grub\x86_64-efi\gcry_tiger.mod (12.9 KB)
Extracting: D:\boot\grub\x86_64-efi\gcry_twofish.mod (32.8 KB)
Extracting: D:\boot\grub\x86_64-efi\gcry_whirlpool.mod (22.4 KB)
Extracting: D:\boot\grub\x86_64-efi\geli.mod (9.1 KB)
Extracting: D:\boot\grub\x86_64-efi\gettext.mod (8.3 KB)
Extracting: D:\boot\grub\x86_64-efi\gfxmenu.mod (58.4 KB)
Extracting: D:\boot\grub\x86_64-efi\gfxterm.mod (16.8 KB)
Extracting: D:\boot\grub\x86_64-efi\gfxterm_background.mod (4.4 KB)
Extracting: D:\boot\grub\x86_64-efi\gfxterm_menu.mod (7.6 KB)
Extracting: D:\boot\grub\x86_64-efi\gptsync.mod (5.2 KB)
Extracting: D:\boot\grub\x86_64-efi\gzio.mod (12.1 KB)
Extracting: D:\boot\grub\x86_64-efi\halt.mod (6.6 KB)
Extracting: D:\boot\grub\x86_64-efi\hashsum.mod (8.2 KB)
Extracting: D:\boot\grub\x86_64-efi\hdparm.mod (10.2 KB)
Extracting: D:\boot\grub\x86_64-efi\hello.mod (1.8 KB)
Extracting: D:\boot\grub\x86_64-efi\help.mod (3.9 KB)
Extracting: D:\boot\grub\x86_64-efi\hexdump.mod (4.4 KB)
Extracting: D:\boot\grub\x86_64-efi\hfs.mod (10 KB)
Extracting: D:\boot\grub\x86_64-efi\hfsplus.mod (11 KB)
Extracting: D:\boot\grub\x86_64-efi\hfspluscomp.mod (4.2 KB)
Extracting: D:\boot\grub\x86_64-efi\http.mod (9.2 KB)
Extracting: D:\boot\grub\x86_64-efi\iorw.mod (4.4 KB)
Extracting: D:\boot\grub\x86_64-efi\iso9660.mod (12 KB)
Extracting: D:\boot\grub\x86_64-efi\jfs.mod (8.8 KB)
Extracting: D:\boot\grub\x86_64-efi\jpeg.mod (9 KB)
Extracting: D:\boot\grub\x86_64-efi\keylayouts.mod (6.3 KB)
Extracting: D:\boot\grub\x86_64-efi\keystatus.mod (3 KB)
Extracting: D:\boot\grub\x86_64-efi\ldm.mod (8.0 KB)
Extracting: D:\boot\grub\x86_64-efi\legacycfg.mod (43.9 KB)
Extracting: D:\boot\grub\x86_64-efi\legacy_password_test.mod (15.6 KB)
Extracting: D:\boot\grub\x86_64-efi\linux.mod (20.4 KB)
Extracting: D:\boot\grub\x86_64-efi\linux16.mod (8.8 KB)
Extracting: D:\boot\grub\x86_64-efi\linuxefi.mod (11.9 KB)
Extracting: D:\boot\grub\x86_64-efi\loadbios.mod (4.6 KB)
Extracting: D:\boot\grub\x86_64-efi\loadenv.mod (9 KB)
Extracting: D:\boot\grub\x86_64-efi\loopback.mod (4.7 KB)
Extracting: D:\boot\grub\x86_64-efi\ls.mod (6.3 KB)
Extracting: D:\boot\grub\x86_64-efi\lsacpi.mod (7.0 KB)
Extracting: D:\boot\grub\x86_64-efi\lsefi.mod (5.1 KB)
Extracting: D:\boot\grub\x86_64-efi\lsefimmap.mod (3.6 KB)
Extracting: D:\boot\grub\x86_64-efi\lsefisystab.mod (4.3 KB)
Extracting: D:\boot\grub\x86_64-efi\lsmmap.mod (2.9 KB)
Extracting: D:\boot\grub\x86_64-efi\lspci.mod (7 KB)
Extracting: D:\boot\grub\x86_64-efi\lssal.mod (3.8 KB)
Extracting: D:\boot\grub\x86_64-efi\luks.mod (9.5 KB)
Extracting: D:\boot\grub\x86_64-efi\lvm.mod (9.7 KB)
Extracting: D:\boot\grub\x86_64-efi\lzopio.mod (6.8 KB)
Extracting: D:\boot\grub\x86_64-efi\macbless.mod (4.8 KB)
Extracting: D:\boot\grub\x86_64-efi\macho.mod (10.7 KB)
Extracting: D:\boot\grub\x86_64-efi\mdraid09.mod (2.8 KB)
Extracting: D:\boot\grub\x86_64-efi\mdraid09_be.mod (2.8 KB)
Extracting: D:\boot\grub\x86_64-efi\mdraid1x.mod (2.6 KB)
Extracting: D:\boot\grub\x86_64-efi\memdisk.mod (3.2 KB)
Extracting: D:\boot\grub\x86_64-efi\memrw.mod (4.4 KB)
Extracting: D:\boot\grub\x86_64-efi\minicmd.mod (5.9 KB)
Extracting: D:\boot\grub\x86_64-efi\minix.mod (5.4 KB)
Extracting: D:\boot\grub\x86_64-efi\minix2.mod (5.5 KB)
Extracting: D:\boot\grub\x86_64-efi\minix2_be.mod (5.6 KB)
Extracting: D:\boot\grub\x86_64-efi\minix3.mod (5.6 KB)
Extracting: D:\boot\grub\x86_64-efi\minix3_be.mod (5.7 KB)
Extracting: D:\boot\grub\x86_64-efi\minix_be.mod (5.5 KB)
Extracting: D:\boot\grub\x86_64-efi\mmap.mod (9.3 KB)
Extracting: D:\boot\grub\x86_64-efi\moddep.lst (5.1 KB)
Extracting: D:\boot\grub\x86_64-efi\morse.mod (3.3 KB)
Extracting: D:\boot\grub\x86_64-efi\mpi.mod (42.5 KB)
Extracting: D:\boot\grub\x86_64-efi\msdospart.mod (3.6 KB)
Extracting: D:\boot\grub\x86_64-efi\multiboot.mod (20.4 KB)
Extracting: D:\boot\grub\x86_64-efi\multiboot2.mod (23.5 KB)
Extracting: D:\boot\grub\x86_64-efi\mul_test.mod (2.4 KB)
Extracting: D:\boot\grub\x86_64-efi\nativedisk.mod (6.6 KB)
Extracting: D:\boot\grub\x86_64-efi\net.mod (128 KB)
Extracting: D:\boot\grub\x86_64-efi\newc.mod (4.5 KB)
Extracting: D:\boot\grub\x86_64-efi\nilfs2.mod (9.8 KB)
Extracting: D:\boot\grub\x86_64-efi\normal.mod (169.1 KB)
Extracting: D:\boot\grub\x86_64-efi\ntfs.mod (14.9 KB)
Extracting: D:\boot\grub\x86_64-efi\ntfscomp.mod (5.6 KB)
Extracting: D:\boot\grub\x86_64-efi\odc.mod (4.3 KB)
Extracting: D:\boot\grub\x86_64-efi\offsetio.mod (2.2 KB)
Extracting: D:\boot\grub\x86_64-efi\ohci.mod (15.5 KB)
Extracting: D:\boot\grub\x86_64-efi\partmap.lst (111 bytes)
Extracting: D:\boot\grub\x86_64-efi\parttool.lst (17 bytes)
Extracting: D:\boot\grub\x86_64-efi\parttool.mod (7.3 KB)
Extracting: D:\boot\grub\x86_64-efi\part_acorn.mod (2.3 KB)
Extracting: D:\boot\grub\x86_64-efi\part_amiga.mod (2.6 KB)
Extracting: D:\boot\grub\x86_64-efi\part_apple.mod (3.0 KB)
Extracting: D:\boot\grub\x86_64-efi\part_bsd.mod (4.1 KB)
Extracting: D:\boot\grub\x86_64-efi\part_dfly.mod (2.6 KB)
Extracting: D:\boot\grub\x86_64-efi\part_dvh.mod (2.2 KB)
Extracting: D:\boot\grub\x86_64-efi\part_gpt.mod (3.2 KB)
Extracting: D:\boot\grub\x86_64-efi\part_msdos.mod (2.9 KB)
Extracting: D:\boot\grub\x86_64-efi\part_plan.mod (2.5 KB)
Extracting: D:\boot\grub\x86_64-efi\part_sun.mod (2.2 KB)
Extracting: D:\boot\grub\x86_64-efi\part_sunpc.mod (2.5 KB)
Extracting: D:\boot\grub\x86_64-efi\password.mod (2.9 KB)
Extracting: D:\boot\grub\x86_64-efi\password_pbkdf2.mod (4.3 KB)
Extracting: D:\boot\grub\x86_64-efi\pata.mod (7.3 KB)
Extracting: D:\boot\grub\x86_64-efi\pbkdf2.mod (1.9 KB)
Extracting: D:\boot\grub\x86_64-efi\pbkdf2_test.mod (3.4 KB)
Extracting: D:\boot\grub\x86_64-efi\pcidump.mod (3.5 KB)
Extracting: D:\boot\grub\x86_64-efi\pgp.mod (18.9 KB)
Extracting: D:\boot\grub\x86_64-efi\play.mod (4 KB)
Extracting: D:\boot\grub\x86_64-efi\png.mod (10.1 KB)
Extracting: D:\boot\grub\x86_64-efi\priority_queue.mod (2.3 KB)
Extracting: D:\boot\grub\x86_64-efi\probe.mod (4.3 KB)
Extracting: D:\boot\grub\x86_64-efi\procfs.mod (3.8 KB)
Extracting: D:\boot\grub\x86_64-efi\progress.mod (3.1 KB)
Extracting: D:\boot\grub\x86_64-efi\raid5rec.mod (1.9 KB)
Extracting: D:\boot\grub\x86_64-efi\raid6rec.mod (3.3 KB)
Extracting: D:\boot\grub\x86_64-efi\random.mod (3.6 KB)
Extracting: D:\boot\grub\x86_64-efi\rdmsr.mod (3.0 KB)
Extracting: D:\boot\grub\x86_64-efi\read.mod (2.3 KB)
Extracting: D:\boot\grub\x86_64-efi\reboot.mod (1.6 KB)
Extracting: D:\boot\grub\x86_64-efi\regexp.mod (74.3 KB)
Extracting: D:\boot\grub\x86_64-efi\reiserfs.mod (13.5 KB)
Extracting: D:\boot\grub\x86_64-efi\relocator.mod (25.6 KB)
Extracting: D:\boot\grub\x86_64-efi\romfs.mod (5.6 KB)
Extracting: D:\boot\grub\x86_64-efi\scsi.mod (6.9 KB)
Extracting: D:\boot\grub\x86_64-efi\search.mod (5.4 KB)
Extracting: D:\boot\grub\x86_64-efi\search_fs_file.mod (4.7 KB)
Extracting: D:\boot\grub\x86_64-efi\search_fs_uuid.mod (4.8 KB)
Extracting: D:\boot\grub\x86_64-efi\search_label.mod (4.7 KB)
Extracting: D:\boot\grub\x86_64-efi\serial.mod (14.4 KB)
Extracting: D:\boot\grub\x86_64-efi\setjmp.mod (912 bytes)
Extracting: D:\boot\grub\x86_64-efi\setjmp_test.mod (2.6 KB)
Extracting: D:\boot\grub\x86_64-efi\setpci.mod (8.2 KB)
Extracting: D:\boot\grub\x86_64-efi\sfs.mod (7.7 KB)
Extracting: D:\boot\grub\x86_64-efi\shift_test.mod (3.1 KB)
Extracting: D:\boot\grub\x86_64-efi\shim_lock.mod (3.5 KB)
Extracting: D:\boot\grub\x86_64-efi\signature_test.mod (8.6 KB)
Extracting: D:\boot\grub\x86_64-efi\sleep.mod (3.4 KB)
Extracting: D:\boot\grub\x86_64-efi\sleep_test.mod (3.3 KB)
Extracting: D:\boot\grub\x86_64-efi\smbios.mod (8.4 KB)
Extracting: D:\boot\grub\x86_64-efi\spkmodem.mod (3.2 KB)
Extracting: D:\boot\grub\x86_64-efi\squash4.mod (9.8 KB)
Extracting: D:\boot\grub\x86_64-efi\strtoull_test.mod (3.2 KB)
Extracting: D:\boot\grub\x86_64-efi\syslinuxcfg.mod (29.2 KB)
Extracting: D:\boot\grub\x86_64-efi\tar.mod (4.9 KB)
Extracting: D:\boot\grub\x86_64-efi\terminal.lst (162 bytes)
Extracting: D:\boot\grub\x86_64-efi\terminal.mod (6.6 KB)
Extracting: D:\boot\grub\x86_64-efi\terminfo.mod (18.4 KB)
Extracting: D:\boot\grub\x86_64-efi\test.mod (7.3 KB)
Extracting: D:\boot\grub\x86_64-efi\testload.mod (3.8 KB)
Extracting: D:\boot\grub\x86_64-efi\testspeed.mod (3.4 KB)
Extracting: D:\boot\grub\x86_64-efi\test_blockarg.mod (2 KB)
Extracting: D:\boot\grub\x86_64-efi\tftp.mod (7.3 KB)
Extracting: D:\boot\grub\x86_64-efi\tga.mod (6.3 KB)
Extracting: D:\boot\grub\x86_64-efi\time.mod (2.3 KB)
Extracting: D:\boot\grub\x86_64-efi\tpm.mod (6.7 KB)
Extracting: D:\boot\grub\x86_64-efi\tr.mod (3.6 KB)
Extracting: D:\boot\grub\x86_64-efi\trig.mod (2 KB)
Extracting: D:\boot\grub\x86_64-efi\true.mod (1.9 KB)
Extracting: D:\boot\grub\x86_64-efi\udf.mod (11.9 KB)
Extracting: D:\boot\grub\x86_64-efi\ufs1.mod (7.6 KB)
Extracting: D:\boot\grub\x86_64-efi\ufs1_be.mod (7.8 KB)
Extracting: D:\boot\grub\x86_64-efi\ufs2.mod (7.6 KB)
Extracting: D:\boot\grub\x86_64-efi\uhci.mod (9.9 KB)
Extracting: D:\boot\grub\x86_64-efi\usb.mod (15.4 KB)
Extracting: D:\boot\grub\x86_64-efi\usbms.mod (10.7 KB)
Extracting: D:\boot\grub\x86_64-efi\usbserial_common.mod (2.8 KB)
Extracting: D:\boot\grub\x86_64-efi\usbserial_ftdi.mod (3.4 KB)
Extracting: D:\boot\grub\x86_64-efi\usbserial_pl2303.mod (3.7 KB)
Extracting: D:\boot\grub\x86_64-efi\usbserial_usbdebug.mod (2.3 KB)
Extracting: D:\boot\grub\x86_64-efi\usbtest.mod (5.4 KB)
Extracting: D:\boot\grub\x86_64-efi\usb_keyboard.mod (5.7 KB)
Extracting: D:\boot\grub\x86_64-efi\verifiers.mod (3.5 KB)
Extracting: D:\boot\grub\x86_64-efi\video.lst (41 bytes)
Extracting: D:\boot\grub\x86_64-efi\video.mod (8.7 KB)
Extracting: D:\boot\grub\x86_64-efi\videoinfo.mod (5.2 KB)
Extracting: D:\boot\grub\x86_64-efi\videotest.mod (5.4 KB)
Extracting: D:\boot\grub\x86_64-efi\videotest_checksum.mod (3.7 KB)
Extracting: D:\boot\grub\x86_64-efi\video_bochs.mod (8.3 KB)
Extracting: D:\boot\grub\x86_64-efi\video_cirrus.mod (8.9 KB)
Extracting: D:\boot\grub\x86_64-efi\video_colors.mod (9.8 KB)
Extracting: D:\boot\grub\x86_64-efi\video_fb.mod (28.0 KB)
Extracting: D:\boot\grub\x86_64-efi\wrmsr.mod (2.3 KB)
Extracting: D:\boot\grub\x86_64-efi\xfs.mod (10.2 KB)
Extracting: D:\boot\grub\x86_64-efi\xnu.mod (41.3 KB)
Extracting: D:\boot\grub\x86_64-efi\xnu_uuid.mod (3.2 KB)
Extracting: D:\boot\grub\x86_64-efi\xnu_uuid_test.mod (3.2 KB)
Extracting: D:\boot\grub\x86_64-efi\xzio.mod (19.3 KB)
Extracting: D:\boot\grub\x86_64-efi\zfs.mod (56 KB)
Extracting: D:\boot\grub\x86_64-efi\zfscrypt.mod (8.3 KB)
Extracting: D:\boot\grub\x86_64-efi\zfsinfo.mod (10.5 KB)
Extracting: D:\boot\grub\x86_64-efi\zstd.mod (78.0 KB)
Extracting: D:\boot\memtest86+.bin (178.4 KB)
Extracting: D:\boot.catalog (2 KB)
Extracting: D:\casper\filesystem.manifest (55.9 KB)
Extracting: D:\casper\filesystem.manifest-minimal-remove (2.8 KB)
Extracting: D:\casper\filesystem.manifest-remove (3.8 KB)
Extracting: D:\casper\filesystem.size (11 bytes)
Extracting: D:\casper\filesystem.squashfs (2.1 GB)
Extracting: D:\casper\filesystem.squashfs.gpg (833 bytes)
Extracting: D:\casper\initrd (110.4 MB)
Extracting: D:\casper\vmlinuz (14 MB)
Extracting: D:\dists\hirsute\main\binary-amd64\Packages.gz (18.3 KB)
Extracting: D:\dists\hirsute\main\binary-amd64\Release (97 bytes)
Extracting: D:\dists\hirsute\main\binary-i386\Packages.gz (19.6 KB)
Extracting: D:\dists\hirsute\main\binary-i386\Release (96 bytes)
Extracting: D:\dists\hirsute\Release (1.5 KB)
Extracting: D:\dists\hirsute\Release.gpg (833 bytes)
Extracting: D:\dists\hirsute\restricted\binary-amd64\Packages.gz (27.9 KB)
Extracting: D:\dists\hirsute\restricted\binary-amd64\Release (103 bytes)
Extracting: D:\dists\hirsute\restricted\binary-i386\Packages.gz (4.6 KB)
Extracting: D:\dists\hirsute\restricted\binary-i386\Release (102 bytes)
Extracting: D:\dists\stable (0 bytes)
  Ignoring Rock Ridge symbolic link to 'hirsute'
Extracting: D:\dists\unstable (0 bytes)
  Ignoring Rock Ridge symbolic link to 'hirsute'
Extracting: D:\EFI\boot\bootx64.efi (1.3 MB)
Extracting: D:\EFI\boot\grubx64.efi (1.4 MB)
Extracting: D:\EFI\boot\mmx64.efi (1.2 MB)
Extracting: D:\md5sum.txt (22.8 KB)
Extracting: D:\pool\main\b\b43-fwcutter\b43-fwcutter_019-6_amd64.deb (25.6 KB)
Extracting: D:\pool\main\b\binutils\binutils_2.36.1-6ubuntu1_amd64.deb (3.3 KB)
Extracting: D:\pool\main\b\binutils\binutils-common_2.36.1-6ubuntu1_amd64.deb (212.3 KB)
Extracting: D:\pool\main\b\binutils\binutils-x86-64-linux-gnu_2.36.1-6ubuntu1_amd64.deb (1.7 MB)
Extracting: D:\pool\main\b\binutils\libbinutils_2.36.1-6ubuntu1_amd64.deb (570.0 KB)
Extracting: D:\pool\main\b\binutils\libctf0_2.36.1-6ubuntu1_amd64.deb (92.8 KB)
Extracting: D:\pool\main\b\binutils\libctf-nobfd0_2.36.1-6ubuntu1_amd64.deb (95.5 KB)
Extracting: D:\pool\main\b\build-essential\build-essential_12.8ubuntu3_amd64.deb (4.5 KB)
Extracting: D:\pool\main\d\dkms\dkms_2.8.4-4_all.deb (66.7 KB)
Extracting: D:\pool\main\d\dpkg\dpkg-dev_1.20.9ubuntu1_all.deb (914.9 KB)
Extracting: D:\pool\main\e\elfutils\libelf1_0.183-8_i386.deb (49.6 KB)
Extracting: D:\pool\main\e\expat\libexpat1_2.2.10-2_i386.deb (76.2 KB)
Extracting: D:\pool\main\f\fakeroot\fakeroot_1.25.3-1.1ubuntu2_amd64.deb (61.4 KB)
Extracting: D:\pool\main\f\fakeroot\libfakeroot_1.25.3-1.1ubuntu2_amd64.deb (27.4 KB)
Extracting: D:\pool\main\g\gcc-10\gcc-10_10.3.0-1ubuntu1_amd64.deb (16.7 MB)
Extracting: D:\pool\main\g\gcc-10\gcc-10-base_10.3.0-1ubuntu1_i386.deb (19.7 KB)
Extracting: D:\pool\main\g\gcc-10\g++-10_10.3.0-1ubuntu1_amd64.deb (9.3 MB)
Extracting: D:\pool\main\g\gcc-10\libgcc-10-dev_10.3.0-1ubuntu1_amd64.deb (2.2 MB)
Extracting: D:\pool\main\g\gcc-10\libstdc++-10-dev_10.3.0-1ubuntu1_amd64.deb (1.7 MB)
Extracting: D:\pool\main\g\gcc-11\libasan6_11-20210417-1ubuntu1_amd64.deb (2 MB)
Extracting: D:\pool\main\g\gcc-11\libatomic1_11-20210417-1ubuntu1_i386.deb (7.9 KB)
Extracting: D:\pool\main\g\gcc-11\libcc1-0_11-20210417-1ubuntu1_amd64.deb (47.6 KB)
Extracting: D:\pool\main\g\gcc-11\libgcc-s1_11-20210417-1ubuntu1_i386.deb (49.0 KB)
Extracting: D:\pool\main\g\gcc-11\libitm1_11-20210417-1ubuntu1_amd64.deb (25.8 KB)
Extracting: D:\pool\main\g\gcc-11\liblsan0_11-20210417-1ubuntu1_amd64.deb (872.1 KB)
Extracting: D:\pool\main\g\gcc-11\libquadmath0_11-20210417-1ubuntu1_amd64.deb (142.6 KB)
Extracting: D:\pool\main\g\gcc-11\libstdc++6_11-20210417-1ubuntu1_i386.deb (615.4 KB)
Extracting: D:\pool\main\g\gcc-11\libtsan0_11-20210417-1ubuntu1_amd64.deb (2.0 MB)
Extracting: D:\pool\main\g\gcc-11\libubsan1_11-20210417-1ubuntu1_amd64.deb (825.2 KB)
Extracting: D:\pool\main\g\gcc-defaults\gcc_10.3.0-1ubuntu1_amd64.deb (5.1 KB)
Extracting: D:\pool\main\g\gcc-defaults\g++_10.3.0-1ubuntu1_amd64.deb (1.6 KB)
Extracting: D:\pool\main\g\glibc\libc6_2.33-0ubuntu5_i386.deb (2.5 MB)
Extracting: D:\pool\main\g\glibc\libc6-dev_2.33-0ubuntu5_amd64.deb (2 MB)
Extracting: D:\pool\main\g\glibc\libc-devtools_2.33-0ubuntu5_amd64.deb (26.5 KB)
Extracting: D:\pool\main\g\glibc\libc-dev-bin_2.33-0ubuntu5_amd64.deb (18.8 KB)
Extracting: D:\pool\main\l\linux\linux-libc-dev_5.11.0-16.17_amd64.deb (1.1 MB)
Extracting: D:\pool\main\l\linux-meta\linux-oem-20.04_5.11.0.16.17_amd64.deb (1.8 KB)
Extracting: D:\pool\main\l\lm-sensors\libsensors5_3.6.0-7_i386.deb (26 KB)
Extracting: D:\pool\main\l\lto-disabled-list\lto-disabled-list_7_all.deb (11.6 KB)
Extracting: D:\pool\main\l\lupin\lupin-support_0.57build1_amd64.deb (13.7 KB)
Extracting: D:\pool\main\liba\libalgorithm-diff-perl\libalgorithm-diff-perl_1.201-1_all.deb (40.8 KB)
Extracting: D:\pool\main\liba\libalgorithm-diff-xs-perl\libalgorithm-diff-xs-perl_0.04-6build1_amd64.deb (11.2 KB)
Extracting: D:\pool\main\liba\libalgorithm-merge-perl\libalgorithm-merge-perl_0.08-3_all.deb (11.7 KB)
Extracting: D:\pool\main\libb\libbsd\libbsd0_0.11.3-1ubuntu2_i386.deb (43.7 KB)
Extracting: D:\pool\main\libd\libdrm\libdrm2_2.4.104-1build1_i386.deb (34.1 KB)
Extracting: D:\pool\main\libd\libdrm\libdrm-amdgpu1_2.4.104-1build1_i386.deb (21.0 KB)
Extracting: D:\pool\main\libd\libdrm\libdrm-intel1_2.4.104-1build1_i386.deb (62.5 KB)
Extracting: D:\pool\main\libd\libdrm\libdrm-nouveau2_2.4.104-1build1_i386.deb (17.7 KB)
Extracting: D:\pool\main\libd\libdrm\libdrm-radeon1_2.4.104-1build1_i386.deb (20.6 KB)
Extracting: D:\pool\main\libe\libedit\libedit2_3.1-20191231-2_i386.deb (89.7 KB)
Extracting: D:\pool\main\libg\libglvnd\libgl1_1.3.2-1_i386.deb (78.8 KB)
Extracting: D:\pool\main\libg\libglvnd\libglvnd0_1.3.2-1_i386.deb (44.9 KB)
Extracting: D:\pool\main\libg\libglvnd\libglx0_1.3.2-1_i386.deb (35.4 KB)
Extracting: D:\pool\main\libi\libidn2\libidn2-0_2.3.0-5_i386.deb (51.9 KB)
Extracting: D:\pool\main\libn\libnsl\libnsl-dev_1.3.0-0ubuntu3_amd64.deb (64.8 KB)
Extracting: D:\pool\main\libp\libpciaccess\libpciaccess0_0.16-1build2_i386.deb (19.6 KB)
Extracting: D:\pool\main\libt\libtirpc\libtirpc-dev_1.3.1-1build1_amd64.deb (178.5 KB)
Extracting: D:\pool\main\libu\libunistring\libunistring2_0.9.10-4_i386.deb (375.2 KB)
Extracting: D:\pool\main\libv\libvdpau\libvdpau1_1.4-3_amd64.deb (25.1 KB)
Extracting: D:\pool\main\libv\libvdpau\vdpau-driver-all_1.4-3_amd64.deb (4.4 KB)
Extracting: D:\pool\main\libx\libx11\libx11-6_1.7.0-2build2_i386.deb (582 KB)
Extracting: D:\pool\main\libx\libx11\libx11-xcb1_1.7.0-2build2_i386.deb (7.4 KB)
Extracting: D:\pool\main\libx\libxau\libxau6_1.0.9-1build3_i386.deb (7.5 KB)
Extracting: D:\pool\main\libx\libxcb\libxcb1_1.14-3ubuntu1_i386.deb (48.4 KB)
Extracting: D:\pool\main\libx\libxcb\libxcb-dri2-0_1.14-3ubuntu1_i386.deb (7.1 KB)
Extracting: D:\pool\main\libx\libxcb\libxcb-dri3-0_1.14-3ubuntu1_i386.deb (6.9 KB)
Extracting: D:\pool\main\libx\libxcb\libxcb-glx0_1.14-3ubuntu1_i386.deb (23.2 KB)
Extracting: D:\pool\main\libx\libxcb\libxcb-present0_1.14-3ubuntu1_i386.deb (5.6 KB)
Extracting: D:\pool\main\libx\libxcb\libxcb-randr0_1.14-3ubuntu1_i386.deb (17.5 KB)
Extracting: D:\pool\main\libx\libxcb\libxcb-sync1_1.14-3ubuntu1_i386.deb (9 KB)
Extracting: D:\pool\main\libx\libxcrypt\libcrypt1_4.4.17-1ubuntu3_i386.deb (86.5 KB)
Extracting: D:\pool\main\libx\libxcrypt\libcrypt-dev_4.4.17-1ubuntu3_amd64.deb (101.9 KB)
Extracting: D:\pool\main\libx\libxdamage\libxdamage1_1.1.5-2_i386.deb (7 KB)
Extracting: D:\pool\main\libx\libxdmcp\libxdmcp6_1.1.3-0ubuntu3_i386.deb (10.6 KB)
Extracting: D:\pool\main\libx\libxext\libxext6_1.3.4-0ubuntu3_i386.deb (30.5 KB)
Extracting: D:\pool\main\libx\libxfixes\libxfixes3_5.0.3-2build1_i386.deb (11.0 KB)
Extracting: D:\pool\main\libx\libxshmfence\libxshmfence1_1.3-1build2_i386.deb (5.2 KB)
Extracting: D:\pool\main\libx\libxxf86vm\libxxf86vm1_1.1.4-1build1_i386.deb (10.7 KB)
Extracting: D:\pool\main\libz\libzstd\libzstd1_1.4.8+dfsg-2build2_i386.deb (284.7 KB)
Extracting: D:\pool\main\m\make-dfsg\make_4.3-4ubuntu1_amd64.deb (162.8 KB)
Extracting: D:\pool\main\m\manpages\manpages-dev_5.10-1_all.deb (2.2 MB)
Extracting: D:\pool\main\m\mesa\libgl1-mesa-dri_21.0.1-2_i386.deb (9.7 MB)
Extracting: D:\pool\main\m\mesa\libglapi-mesa_21.0.1-2_i386.deb (26.2 KB)
Extracting: D:\pool\main\m\mesa\libglx-mesa0_21.0.1-2_i386.deb (141.1 KB)
Extracting: D:\pool\main\m\mesa\mesa-vdpau-drivers_21.0.1-2_amd64.deb (2.8 MB)
Extracting: D:\pool\main\m\mesa\mesa-vulkan-drivers_21.0.1-2_i386.deb (4.1 MB)
Extracting: D:\pool\main\n\ncurses\libtinfo6_6.2+20201114-2build1_i386.deb (86.3 KB)
Extracting: D:\pool\main\n\nvidia-prime\nvidia-prime_0.8.16.1_all.deb (8.9 KB)
Extracting: D:\pool\main\n\nvidia-settings\libxnvctrl0_460.56-0ubuntu2_amd64.deb (10.8 KB)
Extracting: D:\pool\main\n\nvidia-settings\nvidia-settings_460.56-0ubuntu2_amd64.deb (867.2 KB)
Extracting: D:\pool\main\o\oem-qemu-meta\oem-qemu-meta_20.04~ubuntu5_all.deb (2.3 KB)
Extracting: D:\pool\main\r\rpcsvc-proto\rpcsvc-proto_1.4.2-0ubuntu4_amd64.deb (61.4 KB)
Extracting: D:\pool\main\s\screen-resolution-extra\screen-resolution-extra_0.18build2_all.deb (4.3 KB)
Extracting: D:\pool\main\s\setserial\setserial_2.17-53_amd64.deb (35.2 KB)
Extracting: D:\pool\main\u\ubiquity\oem-config_21.04.19_all.deb (13.6 KB)
Extracting: D:\pool\main\u\ubiquity\oem-config-gtk_21.04.19_all.deb (4.1 KB)
Extracting: D:\pool\main\u\ubiquity-slideshow-ubuntu\oem-config-slideshow-ubuntu_167_all.deb (1.1 MB)
Extracting: D:\pool\main\u\ubuntu-keyring\ubuntu-oem-keyring_2021.03.26_all.deb (4.7 KB)
Extracting: D:\pool\main\u\user-setup\user-setup_1.87ubuntu2_all.deb (137.6 KB)
Extracting: D:\pool\main\v\vulkan-loader\libvulkan1_1.2.162.0-1_i386.deb (102.1 KB)
Extracting: D:\pool\main\w\wayland\libwayland-client0_1.18.0-2~exp1.1_i386.deb (24.0 KB)
Extracting: D:\pool\main\z\zlib\zlib1g_1.2.11.dfsg-2ubuntu6_i386.deb (55.3 KB)
Extracting: D:\pool\restricted\b\bcmwl\bcmwl-kernel-source_6.30.223.271+bdcom-0ubuntu8_amd64.deb (1.5 MB)
Extracting: D:\pool\restricted\l\linux-restricted-modules\linux-modules-nvidia-390-5.11.0-16-generic_5.11.0-16.17_amd64.deb (7.0 KB)
Extracting: D:\pool\restricted\l\linux-restricted-modules\linux-modules-nvidia-390-generic-hwe-20.04-edge_5.11.0-16.17_amd64.deb (5.4 KB)
Extracting: D:\pool\restricted\l\linux-restricted-modules\linux-modules-nvidia-390-generic-hwe-20.04_5.11.0-16.17_amd64.deb (5.4 KB)
Extracting: D:\pool\restricted\l\linux-restricted-modules\linux-modules-nvidia-435-generic-hwe-20.04-edge_5.11.0-16.17_amd64.deb (5.3 KB)
Extracting: D:\pool\restricted\l\linux-restricted-modules\linux-modules-nvidia-435-generic-hwe-20.04_5.11.0-16.17_amd64.deb (5.3 KB)
Extracting: D:\pool\restricted\l\linux-restricted-modules\linux-modules-nvidia-440-generic-hwe-20.04-edge_5.11.0-16.17_amd64.deb (5.3 KB)
Extracting: D:\pool\restricted\l\linux-restricted-modules\linux-modules-nvidia-440-generic-hwe-20.04_5.11.0-16.17_amd64.deb (5.3 KB)
Extracting: D:\pool\restricted\l\linux-restricted-modules\linux-modules-nvidia-440-oem-20.04_5.11.0-16.17_amd64.deb (5.3 KB)
Extracting: D:\pool\restricted\l\linux-restricted-modules\linux-modules-nvidia-450-5.11.0-16-generic_5.11.0-16.17_amd64.deb (7.0 KB)
Extracting: D:\pool\restricted\l\linux-restricted-modules\linux-modules-nvidia-450-generic-hwe-20.04-edge_5.11.0-16.17_amd64.deb (5.4 KB)
Extracting: D:\pool\restricted\l\linux-restricted-modules\linux-modules-nvidia-450-generic-hwe-20.04_5.11.0-16.17_amd64.deb (5.4 KB)
Extracting: D:\pool\restricted\l\linux-restricted-modules\linux-modules-nvidia-450-generic_5.11.0-16.17_amd64.deb (5.3 KB)
Extracting: D:\pool\restricted\l\linux-restricted-modules\linux-modules-nvidia-450-oem-20.04_5.11.0-16.17_amd64.deb (5.3 KB)
Extracting: D:\pool\restricted\l\linux-restricted-modules\linux-modules-nvidia-455-generic-hwe-20.04-edge_5.11.0-16.17_amd64.deb (5.3 KB)
Extracting: D:\pool\restricted\l\linux-restricted-modules\linux-modules-nvidia-455-generic-hwe-20.04_5.11.0-16.17_amd64.deb (5.3 KB)
Extracting: D:\pool\restricted\l\linux-restricted-modules\linux-modules-nvidia-460-5.11.0-16-generic_5.11.0-16.17_amd64.deb (7.0 KB)
Extracting: D:\pool\restricted\l\linux-restricted-modules\linux-modules-nvidia-460-generic-hwe-20.04-edge_5.11.0-16.17_amd64.deb (5.4 KB)
Extracting: D:\pool\restricted\l\linux-restricted-modules\linux-modules-nvidia-460-generic-hwe-20.04_5.11.0-16.17_amd64.deb (5.4 KB)
Extracting: D:\pool\restricted\l\linux-restricted-modules\linux-objects-nvidia-390-5.11.0-16-generic_5.11.0-16.17_amd64.deb (14.7 MB)
Extracting: D:\pool\restricted\l\linux-restricted-modules\linux-objects-nvidia-450-5.11.0-16-generic_5.11.0-16.17_amd64.deb (18.0 MB)
Extracting: D:\pool\restricted\l\linux-restricted-modules\linux-objects-nvidia-460-5.11.0-16-generic_5.11.0-16.17_amd64.deb (29.9 MB)
Extracting: D:\pool\restricted\l\linux-restricted-signatures\linux-signatures-nvidia-5.11.0-16-generic_5.11.0-16.17_amd64.deb (24.1 KB)
Extracting: D:\pool\restricted\n\nvidia-graphics-drivers-390\libnvidia-cfg1-390_390.141-0ubuntu2_amd64.deb (68.9 KB)
Extracting: D:\pool\restricted\n\nvidia-graphics-drivers-390\libnvidia-common-390_390.141-0ubuntu2_all.deb (10.4 KB)
Extracting: D:\pool\restricted\n\nvidia-graphics-drivers-390\libnvidia-compute-390_390.141-0ubuntu2_amd64.deb (19.6 MB)
Extracting: D:\pool\restricted\n\nvidia-graphics-drivers-390\libnvidia-compute-390_390.141-0ubuntu2_i386.deb (20 MB)
Extracting: D:\pool\restricted\n\nvidia-graphics-drivers-390\libnvidia-decode-390_390.141-0ubuntu2_amd64.deb (1.1 MB)
Extracting: D:\pool\restricted\n\nvidia-graphics-drivers-390\libnvidia-decode-390_390.141-0ubuntu2_i386.deb (1.1 MB)
Extracting: D:\pool\restricted\n\nvidia-graphics-drivers-390\libnvidia-encode-390_390.141-0ubuntu2_amd64.deb (51.6 KB)
Extracting: D:\pool\restricted\n\nvidia-graphics-drivers-390\libnvidia-encode-390_390.141-0ubuntu2_i386.deb (52.0 KB)
Extracting: D:\pool\restricted\n\nvidia-graphics-drivers-390\libnvidia-fbc1-390_390.141-0ubuntu2_amd64.deb (40.9 KB)
Extracting: D:\pool\restricted\n\nvidia-graphics-drivers-390\libnvidia-fbc1-390_390.141-0ubuntu2_i386.deb (37.9 KB)
Extracting: D:\pool\restricted\n\nvidia-graphics-drivers-390\libnvidia-gl-390_390.141-0ubuntu2_amd64.deb (13.7 MB)
Extracting: D:\pool\restricted\n\nvidia-graphics-drivers-390\libnvidia-gl-390_390.141-0ubuntu2_i386.deb (14.2 MB)
Extracting: D:\pool\restricted\n\nvidia-graphics-drivers-390\libnvidia-ifr1-390_390.141-0ubuntu2_amd64.deb (67.9 KB)
Extracting: D:\pool\restricted\n\nvidia-graphics-drivers-390\libnvidia-ifr1-390_390.141-0ubuntu2_i386.deb (61.2 KB)
Extracting: D:\pool\restricted\n\nvidia-graphics-drivers-390\nvidia-compute-utils-390_390.141-0ubuntu2_amd64.deb (67.4 KB)
Extracting: D:\pool\restricted\n\nvidia-graphics-drivers-390\nvidia-driver-390_390.141-0ubuntu2_amd64.deb (384.8 KB)
Extracting: D:\pool\restricted\n\nvidia-graphics-drivers-390\nvidia-kernel-common-390_390.141-0ubuntu2_amd64.deb (10.6 KB)
Extracting: D:\pool\restricted\n\nvidia-graphics-drivers-390\nvidia-kernel-source-390_390.141-0ubuntu2_amd64.deb (9.1 MB)
Extracting: D:\pool\restricted\n\nvidia-graphics-drivers-390\nvidia-utils-390_390.141-0ubuntu2_amd64.deb (320.1 KB)
Extracting: D:\pool\restricted\n\nvidia-graphics-drivers-390\xserver-xorg-video-nvidia-390_390.141-0ubuntu2_amd64.deb (1.6 MB)
Extracting: D:\pool\restricted\n\nvidia-graphics-drivers-430\nvidia-driver-418_430.50-0ubuntu3_amd64.deb (6.8 KB)
Extracting: D:\pool\restricted\n\nvidia-graphics-drivers-440\nvidia-driver-430_440.100-0ubuntu1_amd64.deb (7.3 KB)
Extracting: D:\pool\restricted\n\nvidia-graphics-drivers-450\libnvidia-cfg1-450_450.102.04-0ubuntu2_amd64.deb (73 KB)
Extracting: D:\pool\restricted\n\nvidia-graphics-drivers-450\libnvidia-common-450_450.102.04-0ubuntu2_all.deb (9.4 KB)
Extracting: D:\pool\restricted\n\nvidia-graphics-drivers-450\libnvidia-compute-440_450.102.04-0ubuntu2_i386.deb (6.3 KB)
Extracting: D:\pool\restricted\n\nvidia-graphics-drivers-450\libnvidia-compute-450_450.102.04-0ubuntu2_amd64.deb (20.9 MB)
Extracting: D:\pool\restricted\n\nvidia-graphics-drivers-450\libnvidia-decode-440_450.102.04-0ubuntu2_i386.deb (6.3 KB)
Extracting: D:\pool\restricted\n\nvidia-graphics-drivers-450\libnvidia-decode-450_450.102.04-0ubuntu2_amd64.deb (1.1 MB)
Extracting: D:\pool\restricted\n\nvidia-graphics-drivers-450\libnvidia-encode-440_450.102.04-0ubuntu2_i386.deb (6.3 KB)
Extracting: D:\pool\restricted\n\nvidia-graphics-drivers-450\libnvidia-encode-450_450.102.04-0ubuntu2_amd64.deb (38.1 KB)
Extracting: D:\pool\restricted\n\nvidia-graphics-drivers-450\libnvidia-extra-450_450.102.04-0ubuntu2_amd64.deb (38.4 KB)
Extracting: D:\pool\restricted\n\nvidia-graphics-drivers-450\libnvidia-fbc1-440_450.102.04-0ubuntu2_i386.deb (6.3 KB)
Extracting: D:\pool\restricted\n\nvidia-graphics-drivers-450\libnvidia-fbc1-450_450.102.04-0ubuntu2_amd64.deb (48.5 KB)
Extracting: D:\pool\restricted\n\nvidia-graphics-drivers-450\libnvidia-gl-440_450.102.04-0ubuntu2_i386.deb (6.3 KB)
Extracting: D:\pool\restricted\n\nvidia-graphics-drivers-450\libnvidia-gl-450_450.102.04-0ubuntu2_amd64.deb (57.7 MB)
Extracting: D:\pool\restricted\n\nvidia-graphics-drivers-450\libnvidia-ifr1-440_450.102.04-0ubuntu2_i386.deb (6.3 KB)
Extracting: D:\pool\restricted\n\nvidia-graphics-drivers-450\libnvidia-ifr1-450_450.102.04-0ubuntu2_amd64.deb (66.5 KB)
Extracting: D:\pool\restricted\n\nvidia-graphics-drivers-450\nvidia-compute-utils-450_450.102.04-0ubuntu2_amd64.deb (118.9 KB)
Extracting: D:\pool\restricted\n\nvidia-graphics-drivers-450\nvidia-driver-440_450.102.04-0ubuntu2_amd64.deb (6.3 KB)
Extracting: D:\pool\restricted\n\nvidia-graphics-drivers-450\nvidia-driver-450_450.102.04-0ubuntu2_amd64.deb (421 KB)
Extracting: D:\pool\restricted\n\nvidia-graphics-drivers-450\nvidia-kernel-common-450_450.102.04-0ubuntu2_amd64.deb (18.8 KB)
Extracting: D:\pool\restricted\n\nvidia-graphics-drivers-450\nvidia-kernel-source-450_450.102.04-0ubuntu2_amd64.deb (11.3 MB)
Extracting: D:\pool\restricted\n\nvidia-graphics-drivers-450\nvidia-utils-450_450.102.04-0ubuntu2_amd64.deb (357.4 KB)
Extracting: D:\pool\restricted\n\nvidia-graphics-drivers-450\xserver-xorg-video-nvidia-450_450.102.04-0ubuntu2_amd64.deb (1.5 MB)
Extracting: D:\pool\restricted\n\nvidia-graphics-drivers-455\libnvidia-compute-435_455.45.01-0ubuntu1_i386.deb (6.2 KB)
Extracting: D:\pool\restricted\n\nvidia-graphics-drivers-455\libnvidia-decode-435_455.45.01-0ubuntu1_i386.deb (6.2 KB)
Extracting: D:\pool\restricted\n\nvidia-graphics-drivers-455\libnvidia-encode-435_455.45.01-0ubuntu1_i386.deb (6.2 KB)
Extracting: D:\pool\restricted\n\nvidia-graphics-drivers-455\libnvidia-fbc1-435_455.45.01-0ubuntu1_i386.deb (6.2 KB)
Extracting: D:\pool\restricted\n\nvidia-graphics-drivers-455\libnvidia-gl-435_455.45.01-0ubuntu1_i386.deb (6.2 KB)
Extracting: D:\pool\restricted\n\nvidia-graphics-drivers-455\libnvidia-ifr1-435_455.45.01-0ubuntu1_i386.deb (6.2 KB)
Extracting: D:\pool\restricted\n\nvidia-graphics-drivers-455\nvidia-driver-435_455.45.01-0ubuntu1_amd64.deb (6.2 KB)
Extracting: D:\pool\restricted\n\nvidia-graphics-drivers-460\libnvidia-cfg1-460_460.67-0ubuntu1_amd64.deb (78.5 KB)
Extracting: D:\pool\restricted\n\nvidia-graphics-drivers-460\libnvidia-common-460_460.67-0ubuntu1_all.deb (11.9 KB)
Extracting: D:\pool\restricted\n\nvidia-graphics-drivers-460\libnvidia-compute-460_460.67-0ubuntu1_amd64.deb (20.8 MB)
Extracting: D:\pool\restricted\n\nvidia-graphics-drivers-460\libnvidia-decode-460_460.67-0ubuntu1_amd64.deb (1.3 MB)
Extracting: D:\pool\restricted\n\nvidia-graphics-drivers-460\libnvidia-encode-460_460.67-0ubuntu1_amd64.deb (41.7 KB)
Extracting: D:\pool\restricted\n\nvidia-graphics-drivers-460\libnvidia-extra-460_460.67-0ubuntu1_amd64.deb (41.8 KB)
Extracting: D:\pool\restricted\n\nvidia-graphics-drivers-460\libnvidia-fbc1-460_460.67-0ubuntu1_amd64.deb (47.3 KB)
Extracting: D:\pool\restricted\n\nvidia-graphics-drivers-460\libnvidia-gl-460_460.67-0ubuntu1_amd64.deb (76.9 MB)
Extracting: D:\pool\restricted\n\nvidia-graphics-drivers-460\libnvidia-ifr1-460_460.67-0ubuntu1_amd64.deb (69.0 KB)
Extracting: D:\pool\restricted\n\nvidia-graphics-drivers-460\nvidia-compute-utils-460_460.67-0ubuntu1_amd64.deb (105.1 KB)
Extracting: D:\pool\restricted\n\nvidia-graphics-drivers-460\nvidia-driver-455_460.67-0ubuntu1_amd64.deb (8.7 KB)
Extracting: D:\pool\restricted\n\nvidia-graphics-drivers-460\nvidia-driver-460_460.67-0ubuntu1_amd64.deb (424.2 KB)
Extracting: D:\pool\restricted\n\nvidia-graphics-drivers-460\nvidia-kernel-common-460_460.67-0ubuntu1_amd64.deb (21.2 KB)
Extracting: D:\pool\restricted\n\nvidia-graphics-drivers-460\nvidia-kernel-source-460_460.67-0ubuntu1_amd64.deb (23.4 MB)
Extracting: D:\pool\restricted\n\nvidia-graphics-drivers-460\nvidia-utils-460_460.67-0ubuntu1_amd64.deb (358.9 KB)
Extracting: D:\pool\restricted\n\nvidia-graphics-drivers-460\xserver-xorg-video-nvidia-460_460.67-0ubuntu1_amd64.deb (1.5 MB)
Extracting: D:\preseed\ubuntu.seed (460 bytes)
Extracting: D:\ubuntu (0 bytes)
  Ignoring Rock Ridge symbolic link to '.'
Finalizing, please wait...
Created: D:autorun.inf
Created: D:autorun.ico

Found USB 2.0 device 'SanDisk Cruzer Blade USB Device' (0781:5567)
Using autorun.inf label for drive D: 'Ubuntu 21.04 amd64'
1 device found
Disk type: Removable, Disk size: 8 GB, Sector size: 512 bytes
Cylinders: 973, Tracks per cylinder: 255, Sectors per track: 63
Partition type: MBR, NB Partitions: 1
Disk ID: 0x313C61AE
Drive has a Grub 2.0 Master Boot Record
Partition 1:
  Type: FAT32 LBA (0x0c)
  Size: 7.5 GB (8003256320 bytes)
  Start Sector: 2048, Boot: Yes
